<?xml version="1.0" encoding="UTF-8"?>
<!-- Generated by org.testng.reporters.JUnitReportReporter -->
<testsuite hostname="IBM983-PC0GHXBW" name="com.training.project.week2.RETC_041" tests="1" failures="0" timestamp="19 Feb 2019 10:50:43 GMT" time="0.006" errors="1">
  <testcase name="f" time="0.006" classname="com.training.project.week2.RETC_041">
    <error type="org.openqa.selenium.WebDriverException" message="Failed to connect to binary FirefoxBinary(C:\Program Files (x86)\Mozilla Firefox\firefox.exe) on port 7055; process output follows: 
pping IBM-cck@firefox-extensions.ibm.com to C:\Users\IBM_ADMIN\AppData\Local\Temp\anonymous5875211215682802523webdriver-profile\extensions\IBM-cck@firefox-extensions.ibm.com
1550573401352	addons.xpi	INFO	Mapping ietab@ip.cn to C:\Users\IBM_ADMIN\AppData\Local\Temp\anonymous5875211215682802523webdriver-profile\extensions\ietab@ip.cn
1550573401352	addons.xpi	DEBUG	Ignoring file entry whose name is not a valid add-on ID: C:\Users\IBM_ADMIN\AppData\Local\Temp\anonymous5875211215682802523webdriver-profile\extensions\webdriver-staging
1550573401353	addons.xpi	INFO	Mapping {25A1388B-6B18-46c3-BEBA-A81915D0DE8F} to C:\Users\IBM_ADMIN\AppData\Local\Temp\anonymous5875211215682802523webdriver-profile\extensions\{25A1388B-6B18-46c3-BEBA-A81915D0DE8F}.xpi
1550573401353	addons.xpi	DEBUG	Existing add-on fxdriver@googlecode.com in app-profile
1550573401353	addons.xpi	DEBUG	Existing add-on IBM-cck@firefox-extensions.ibm.com in app-profile
1550573401354	addons.xpi	DEBUG	Existing add-on ietab@ip.cn in app-profile
1550573401355	addons.xpi	DEBUG	Existing add-on {25A1388B-6B18-46c3-BEBA-A81915D0DE8F} in app-profile
1550573401356	addons.xpi	INFO	Mapping activity-stream@mozilla.org to C:\Program Files (x86)\Mozilla Firefox\browser\features\activity-stream@mozilla.org.xpi
1550573401356	addons.xpi	INFO	Mapping aushelper@mozilla.org to C:\Program Files (x86)\Mozilla Firefox\browser\features\aushelper@mozilla.org.xpi
1550573401356	addons.xpi	INFO	Mapping firefox@getpocket.com to C:\Program Files (x86)\Mozilla Firefox\browser\features\firefox@getpocket.com.xpi
1550573401356	addons.xpi	INFO	Mapping followonsearch@mozilla.com to C:\Program Files (x86)\Mozilla Firefox\browser\features\followonsearch@mozilla.com.xpi
1550573401356	addons.xpi	INFO	Mapping formautofill@mozilla.org to C:\Program Files (x86)\Mozilla Firefox\browser\features\formautofill@mozilla.org.xpi
1550573401356	addons.xpi	INFO	Mapping jaws-esr@mozilla.org to C:\Program Files (x86)\Mozilla Firefox\browser\features\jaws-esr@mozilla.org.xpi
1550573401356	addons.xpi	INFO	Mapping onboarding@mozilla.org to C:\Program Files (x86)\Mozilla Firefox\browser\features\onboarding@mozilla.org.xpi
1550573401356	addons.xpi	INFO	Mapping screenshots@mozilla.org to C:\Program Files (x86)\Mozilla Firefox\browser\features\screenshots@mozilla.org.xpi
1550573401356	addons.xpi	INFO	Mapping webcompat@mozilla.org to C:\Program Files (x86)\Mozilla Firefox\browser\features\webcompat@mozilla.org.xpi
1550573401357	addons.xpi	DEBUG	Existing add-on activity-stream@mozilla.org in app-system-defaults
1550573401357	addons.xpi	DEBUG	Existing add-on aushelper@mozilla.org in app-system-defaults
1550573401357	addons.xpi	DEBUG	Existing add-on firefox@getpocket.com in app-system-defaults
1550573401358	addons.xpi	DEBUG	Existing add-on followonsearch@mozilla.com in app-system-defaults
1550573401358	addons.xpi	DEBUG	Existing add-on formautofill@mozilla.org in app-system-defaults
1550573401358	addons.xpi	DEBUG	Existing add-on jaws-esr@mozilla.org in app-system-defaults
1550573401358	addons.xpi	DEBUG	Existing add-on onboarding@mozilla.org in app-system-defaults
1550573401359	addons.xpi	DEBUG	Existing add-on screenshots@mozilla.org in app-system-defaults
1550573401359	addons.xpi	DEBUG	Existing add-on webcompat@mozilla.org in app-system-defaults
1550573401360	addons.xpi	INFO	Mapping {7F91CC4E-C8E7-4326-86AE-1671D8B7E612} to C:\Users\IBM_ADMIN\AppData\Roaming\Mozilla\Extensions\{ec8030f7-c20a-464f-9b0e-13a3a9e97384}\{7F91CC4E-C8E7-4326-86AE-1671D8B7E612}
1550573401360	addons.xpi	DEBUG	Existing add-on {7F91CC4E-C8E7-4326-86AE-1671D8B7E612} in app-system-user
1550573401361	addons.xpi	INFO	Mapping {972ce4c6-7e08-4474-a285-3208198ce6fd} to C:\Program Files (x86)\Mozilla Firefox\browser\extensions\{972ce4c6-7e08-4474-a285-3208198ce6fd}.xpi
1550573401363	addons.xpi	DEBUG	Existing add-on {972ce4c6-7e08-4474-a285-3208198ce6fd} in app-global
1550573401364	addons.xpi	DEBUG	getInstallState changed: false, state: {}
JavaScript error: resource://gre/modules/addons/XPIProvider.jsm, line 3373: TypeError: addon is null

Build info: version: &#039;2.53.1&#039;, revision: &#039;a36b8b1&#039;, time: &#039;2016-06-30 17:37:03&#039;
System info: host: &#039;IBM983-PC0GHXBW&#039;, ip: &#039;192.168.43.169&#039;, os.name: &#039;Windows 7&#039;, os.arch: &#039;amd64&#039;, os.version: &#039;6.1&#039;, java.version: &#039;1.8.0_201&#039;
Driver info: driver.version: FirefoxDriver">
      <![CDATA[org.openqa.selenium.WebDriverException: Failed to connect to binary FirefoxBinary(C:\Program Files (x86)\Mozilla Firefox\firefox.exe) on port 7055; process output follows: 
pping IBM-cck@firefox-extensions.ibm.com to C:\Users\IBM_ADMIN\AppData\Local\Temp\anonymous5875211215682802523webdriver-profile\extensions\IBM-cck@firefox-extensions.ibm.com
1550573401352	addons.xpi	INFO	Mapping ietab@ip.cn to C:\Users\IBM_ADMIN\AppData\Local\Temp\anonymous5875211215682802523webdriver-profile\extensions\ietab@ip.cn
1550573401352	addons.xpi	DEBUG	Ignoring file entry whose name is not a valid add-on ID: C:\Users\IBM_ADMIN\AppData\Local\Temp\anonymous5875211215682802523webdriver-profile\extensions\webdriver-staging
1550573401353	addons.xpi	INFO	Mapping {25A1388B-6B18-46c3-BEBA-A81915D0DE8F} to C:\Users\IBM_ADMIN\AppData\Local\Temp\anonymous5875211215682802523webdriver-profile\extensions\{25A1388B-6B18-46c3-BEBA-A81915D0DE8F}.xpi
1550573401353	addons.xpi	DEBUG	Existing add-on fxdriver@googlecode.com in app-profile
1550573401353	addons.xpi	DEBUG	Existing add-on IBM-cck@firefox-extensions.ibm.com in app-profile
1550573401354	addons.xpi	DEBUG	Existing add-on ietab@ip.cn in app-profile
1550573401355	addons.xpi	DEBUG	Existing add-on {25A1388B-6B18-46c3-BEBA-A81915D0DE8F} in app-profile
1550573401356	addons.xpi	INFO	Mapping activity-stream@mozilla.org to C:\Program Files (x86)\Mozilla Firefox\browser\features\activity-stream@mozilla.org.xpi
1550573401356	addons.xpi	INFO	Mapping aushelper@mozilla.org to C:\Program Files (x86)\Mozilla Firefox\browser\features\aushelper@mozilla.org.xpi
1550573401356	addons.xpi	INFO	Mapping firefox@getpocket.com to C:\Program Files (x86)\Mozilla Firefox\browser\features\firefox@getpocket.com.xpi
1550573401356	addons.xpi	INFO	Mapping followonsearch@mozilla.com to C:\Program Files (x86)\Mozilla Firefox\browser\features\followonsearch@mozilla.com.xpi
1550573401356	addons.xpi	INFO	Mapping formautofill@mozilla.org to C:\Program Files (x86)\Mozilla Firefox\browser\features\formautofill@mozilla.org.xpi
1550573401356	addons.xpi	INFO	Mapping jaws-esr@mozilla.org to C:\Program Files (x86)\Mozilla Firefox\browser\features\jaws-esr@mozilla.org.xpi
1550573401356	addons.xpi	INFO	Mapping onboarding@mozilla.org to C:\Program Files (x86)\Mozilla Firefox\browser\features\onboarding@mozilla.org.xpi
1550573401356	addons.xpi	INFO	Mapping screenshots@mozilla.org to C:\Program Files (x86)\Mozilla Firefox\browser\features\screenshots@mozilla.org.xpi
1550573401356	addons.xpi	INFO	Mapping webcompat@mozilla.org to C:\Program Files (x86)\Mozilla Firefox\browser\features\webcompat@mozilla.org.xpi
1550573401357	addons.xpi	DEBUG	Existing add-on activity-stream@mozilla.org in app-system-defaults
1550573401357	addons.xpi	DEBUG	Existing add-on aushelper@mozilla.org in app-system-defaults
1550573401357	addons.xpi	DEBUG	Existing add-on firefox@getpocket.com in app-system-defaults
1550573401358	addons.xpi	DEBUG	Existing add-on followonsearch@mozilla.com in app-system-defaults
1550573401358	addons.xpi	DEBUG	Existing add-on formautofill@mozilla.org in app-system-defaults
1550573401358	addons.xpi	DEBUG	Existing add-on jaws-esr@mozilla.org in app-system-defaults
1550573401358	addons.xpi	DEBUG	Existing add-on onboarding@mozilla.org in app-system-defaults
1550573401359	addons.xpi	DEBUG	Existing add-on screenshots@mozilla.org in app-system-defaults
1550573401359	addons.xpi	DEBUG	Existing add-on webcompat@mozilla.org in app-system-defaults
1550573401360	addons.xpi	INFO	Mapping {7F91CC4E-C8E7-4326-86AE-1671D8B7E612} to C:\Users\IBM_ADMIN\AppData\Roaming\Mozilla\Extensions\{ec8030f7-c20a-464f-9b0e-13a3a9e97384}\{7F91CC4E-C8E7-4326-86AE-1671D8B7E612}
1550573401360	addons.xpi	DEBUG	Existing add-on {7F91CC4E-C8E7-4326-86AE-1671D8B7E612} in app-system-user
1550573401361	addons.xpi	INFO	Mapping {972ce4c6-7e08-4474-a285-3208198ce6fd} to C:\Program Files (x86)\Mozilla Firefox\browser\extensions\{972ce4c6-7e08-4474-a285-3208198ce6fd}.xpi
1550573401363	addons.xpi	DEBUG	Existing add-on {972ce4c6-7e08-4474-a285-3208198ce6fd} in app-global
1550573401364	addons.xpi	DEBUG	getInstallState changed: false, state: {}
JavaScript error: resource://gre/modules/addons/XPIProvider.jsm, line 3373: TypeError: addon is null

Build info: version: '2.53.1', revision: 'a36b8b1', time: '2016-06-30 17:37:03'
System info: host: 'IBM983-PC0GHXBW', ip: '192.168.43.169', os.name: 'Windows 7', os.arch: 'amd64', os.version: '6.1', java.version: '1.8.0_201'
Driver info: driver.version: FirefoxDriver
	at org.openqa.selenium.firefox.internal.NewProfileExtensionConnection.start(NewProfileExtensionConnection.java:124)
	at org.openqa.selenium.firefox.FirefoxDriver.startClient(FirefoxDriver.java:271)
	at org.openqa.selenium.remote.RemoteWebDriver.<init>(RemoteWebDriver.java:119)
	at org.openqa.selenium.firefox.FirefoxDriver.<init>(FirefoxDriver.java:218)
	at org.openqa.selenium.firefox.FirefoxDriver.<init>(FirefoxDriver.java:211)
	at org.openqa.selenium.firefox.FirefoxDriver.<init>(FirefoxDriver.java:207)
	at org.openqa.selenium.firefox.FirefoxDriver.<init>(FirefoxDriver.java:120)
	at com.training.utility.DriverFactory.getDriver(DriverFactory.java:31)
	at com.training.project.week2.RETC_041.beforeClass(RETC_041.java:38)
	at sun.reflect.NativeMethodAccessorImpl.invoke0(Native Method)
	at sun.reflect.NativeMethodAccessorImpl.invoke(Unknown Source)
	at sun.reflect.DelegatingMethodAccessorImpl.invoke(Unknown Source)
	at java.lang.reflect.Method.invoke(Unknown Source)
	at org.testng.internal.MethodInvocationHelper.invokeMethod(MethodInvocationHelper.java:85)
	at org.testng.internal.Invoker.invokeConfigurationMethod(Invoker.java:510)
	at org.testng.internal.Invoker.invokeConfigurations(Invoker.java:211)
	at org.testng.internal.Invoker.invokeConfigurations(Invoker.java:138)
	at org.testng.internal.TestMethodWorker.invokeBeforeClassMethods(TestMethodWorker.java:170)
	at org.testng.internal.TestMethodWorker.run(TestMethodWorker.java:104)
	at org.testng.TestRunner.privateRun(TestRunner.java:774)
	at org.testng.TestRunner.run(TestRunner.java:624)
	at org.testng.SuiteRunner.runTest(SuiteRunner.java:359)
	at org.testng.SuiteRunner.runSequentially(SuiteRunner.java:354)
	at org.testng.SuiteRunner.privateRun(SuiteRunner.java:312)
	at org.testng.SuiteRunner.run(SuiteRunner.java:261)
	at org.testng.SuiteRunnerWorker.runSuite(SuiteRunnerWorker.java:52)
	at org.testng.SuiteRunnerWorker.run(SuiteRunnerWorker.java:86)
	at org.testng.TestNG.runSuitesSequentially(TestNG.java:1215)
	at org.testng.TestNG.runSuitesLocally(TestNG.java:1140)
	at org.testng.TestNG.run(TestNG.java:1048)
	at org.testng.remote.AbstractRemoteTestNG.run(AbstractRemoteTestNG.java:114)
	at org.testng.remote.RemoteTestNG.initAndRun(RemoteTestNG.java:251)
	at org.testng.remote.RemoteTestNG.main(RemoteTestNG.java:77)
Caused by: org.openqa.selenium.firefox.NotConnectedException: Unable to connect to host 127.0.0.1 on port 7055 after 45000 ms. Firefox console output:
pping IBM-cck@firefox-extensions.ibm.com to C:\Users\IBM_ADMIN\AppData\Local\Temp\anonymous5875211215682802523webdriver-profile\extensions\IBM-cck@firefox-extensions.ibm.com
1550573401352	addons.xpi	INFO	Mapping ietab@ip.cn to C:\Users\IBM_ADMIN\AppData\Local\Temp\anonymous5875211215682802523webdriver-profile\extensions\ietab@ip.cn
1550573401352	addons.xpi	DEBUG	Ignoring file entry whose name is not a valid add-on ID: C:\Users\IBM_ADMIN\AppData\Local\Temp\anonymous5875211215682802523webdriver-profile\extensions\webdriver-staging
1550573401353	addons.xpi	INFO	Mapping {25A1388B-6B18-46c3-BEBA-A81915D0DE8F} to C:\Users\IBM_ADMIN\AppData\Local\Temp\anonymous5875211215682802523webdriver-profile\extensions\{25A1388B-6B18-46c3-BEBA-A81915D0DE8F}.xpi
1550573401353	addons.xpi	DEBUG	Existing add-on fxdriver@googlecode.com in app-profile
1550573401353	addons.xpi	DEBUG	Existing add-on IBM-cck@firefox-extensions.ibm.com in app-profile
1550573401354	addons.xpi	DEBUG	Existing add-on ietab@ip.cn in app-profile
1550573401355	addons.xpi	DEBUG	Existing add-on {25A1388B-6B18-46c3-BEBA-A81915D0DE8F} in app-profile
1550573401356	addons.xpi	INFO	Mapping activity-stream@mozilla.org to C:\Program Files (x86)\Mozilla Firefox\browser\features\activity-stream@mozilla.org.xpi
1550573401356	addons.xpi	INFO	Mapping aushelper@mozilla.org to C:\Program Files (x86)\Mozilla Firefox\browser\features\aushelper@mozilla.org.xpi
1550573401356	addons.xpi	INFO	Mapping firefox@getpocket.com to C:\Program Files (x86)\Mozilla Firefox\browser\features\firefox@getpocket.com.xpi
1550573401356	addons.xpi	INFO	Mapping followonsearch@mozilla.com to C:\Program Files (x86)\Mozilla Firefox\browser\features\followonsearch@mozilla.com.xpi
1550573401356	addons.xpi	INFO	Mapping formautofill@mozilla.org to C:\Program Files (x86)\Mozilla Firefox\browser\features\formautofill@mozilla.org.xpi
1550573401356	addons.xpi	INFO	Mapping jaws-esr@mozilla.org to C:\Program Files (x86)\Mozilla Firefox\browser\features\jaws-esr@mozilla.org.xpi
1550573401356	addons.xpi	INFO	Mapping onboarding@mozilla.org to C:\Program Files (x86)\Mozilla Firefox\browser\features\onboarding@mozilla.org.xpi
1550573401356	addons.xpi	INFO	Mapping screenshots@mozilla.org to C:\Program Files (x86)\Mozilla Firefox\browser\features\screenshots@mozilla.org.xpi
1550573401356	addons.xpi	INFO	Mapping webcompat@mozilla.org to C:\Program Files (x86)\Mozilla Firefox\browser\features\webcompat@mozilla.org.xpi
1550573401357	addons.xpi	DEBUG	Existing add-on activity-stream@mozilla.org in app-system-defaults
1550573401357	addons.xpi	DEBUG	Existing add-on aushelper@mozilla.org in app-system-defaults
1550573401357	addons.xpi	DEBUG	Existing add-on firefox@getpocket.com in app-system-defaults
1550573401358	addons.xpi	DEBUG	Existing add-on followonsearch@mozilla.com in app-system-defaults
1550573401358	addons.xpi	DEBUG	Existing add-on formautofill@mozilla.org in app-system-defaults
1550573401358	addons.xpi	DEBUG	Existing add-on jaws-esr@mozilla.org in app-system-defaults
1550573401358	addons.xpi	DEBUG	Existing add-on onboarding@mozilla.org in app-system-defaults
1550573401359	addons.xpi	DEBUG	Existing add-on screenshots@mozilla.org in app-system-defaults
1550573401359	addons.xpi	DEBUG	Existing add-on webcompat@mozilla.org in app-system-defaults
1550573401360	addons.xpi	INFO	Mapping {7F91CC4E-C8E7-4326-86AE-1671D8B7E612} to C:\Users\IBM_ADMIN\AppData\Roaming\Mozilla\Extensions\{ec8030f7-c20a-464f-9b0e-13a3a9e97384}\{7F91CC4E-C8E7-4326-86AE-1671D8B7E612}
1550573401360	addons.xpi	DEBUG	Existing add-on {7F91CC4E-C8E7-4326-86AE-1671D8B7E612} in app-system-user
1550573401361	addons.xpi	INFO	Mapping {972ce4c6-7e08-4474-a285-3208198ce6fd} to C:\Program Files (x86)\Mozilla Firefox\browser\extensions\{972ce4c6-7e08-4474-a285-3208198ce6fd}.xpi
1550573401363	addons.xpi	DEBUG	Existing add-on {972ce4c6-7e08-4474-a285-3208198ce6fd} in app-global
1550573401364	addons.xpi	DEBUG	getInstallState changed: false, state: {}
JavaScript error: resource://gre/modules/addons/XPIProvider.jsm, line 3373: TypeError: addon is null

	at org.openqa.selenium.firefox.internal.NewProfileExtensionConnection.start(NewProfileExtensionConnection.java:112)
	... 32 more
]]>
    </error>
  </testcase> <!-- f -->
</testsuite> <!-- com.training.project.week2.RETC_041 -->
