<?xml version="1.0" encoding="UTF-8"?>
<!-- Generated by org.testng.reporters.JUnitReportReporter -->
<testsuite hostname="IBM983-PC0GHXBW" name="com.training.project.week1.RETC_012" tests="1" failures="0" timestamp="14 Feb 2019 07:19:42 GMT" time="9.712" errors="0">
  <testcase name="validLoginTest" time="9.712" classname="com.training.project.week1.RETC_012"/>
</testsuite> <!-- com.training.project.week1.RETC_012 -->
